#-----------------------------------------------------------
# PlanAhead v14.7 (64-bit)
# Build 321239 by xbuild on Fri Sep 27 19:29:51 MDT 2013
# Start of session at: Thu May 12 09:58:17 2016
# Process ID: 4172
# Log file: D:/DSDII/Lab6/planAhead_run_1/planAhead.log
# Journal file: D:/DSDII/Lab6/planAhead_run_1/planAhead.jou
#-----------------------------------------------------------
INFO: [Common 17-78] Attempting to get a license: PlanAhead
INFO: [Common 17-290] Got license for PlanAhead
INFO: [Device 21-36] Loading parts and site information from C:/Xilinx/14.7/ISE_DS/PlanAhead/data/parts/arch.xml
Parsing RTL primitives file [C:/Xilinx/14.7/ISE_DS/PlanAhead/data/parts/xilinx/rtl/prims/rtl_prims.xml]
Finished parsing RTL primitives file [C:/Xilinx/14.7/ISE_DS/PlanAhead/data/parts/xilinx/rtl/prims/rtl_prims.xml]
start_gui
INFO: [Common 17-81] Feature available: PartialReconfiguration
source D:/DSDII/Lab6/pa.fromNetlist.tcl
# create_project -name Lab6 -dir "D:/DSDII/Lab6/planAhead_run_1" -part xc6slx16csg324-3
# set_property design_mode GateLvl [get_property srcset [current_run -impl]]
# set_property edif_top_file "D:/DSDII/Lab6/IO_Bus.ngc" [ get_property srcset [ current_run ] ]
# add_files -norecurse { {D:/DSDII/Lab6} }
# set_property target_constrs_file "IO_Bus.ucf" [current_fileset -constrset]
Adding file 'D:/DSDII/Lab6/IO_Bus.ucf' to fileset 'constrs_1'
# add_files [list {IO_Bus.ucf}] -fileset [get_property constrset [current_run]]
# link_design
Design is defaulting to srcset: sources_1
Design is defaulting to constrset: constrs_1
Design is defaulting to project part: xc6slx16csg324-3
Release 14.7 - ngc2edif P.20131013 (nt64)
Copyright (c) 1995-2013 Xilinx, Inc.  All rights reserved.
Reading design IO_Bus.ngc ...
WARNING:NetListWriters:298 - No output is written to IO_Bus.xncf, ignored.
Processing design ...
   Preping design's networks ...
   Preping design's macros ...
WARNING:NetListWriters:306 - Signal bus
   SSDEC/bcd[3]_ones_disp_n[6]_wide_mux_3_OUT<6 : 0> on block IO_Bus is not
   reconstructed, because there are some missing bus signals.
  finished :Prep
Writing EDIF netlist file IO_Bus.edif ...
ngc2edif: Total memory usage is 78352 kilobytes

Parsing EDIF File [./planAhead_run_1/Lab6.data/cache/IO_Bus_ngc_zx.edif]
Finished Parsing EDIF File [./planAhead_run_1/Lab6.data/cache/IO_Bus_ngc_zx.edif]
INFO: [Netlist 29-17] Analyzing 1 Unisim elements for replacement
INFO: [Netlist 29-28] Unisim Transformation completed in 0 CPU seconds
Loading clock regions from C:/Xilinx/14.7/ISE_DS/PlanAhead/data\parts/xilinx/spartan6/spartan6lx/xc6slx16/ClockRegion.xml
Loading clock buffers from C:/Xilinx/14.7/ISE_DS/PlanAhead/data\parts/xilinx/spartan6/spartan6lx/xc6slx16/ClockBuffers.xml
Loading package pin functions from C:/Xilinx/14.7/ISE_DS/PlanAhead/data\parts/xilinx/spartan6/PinFunctions.xml...
Loading package from C:/Xilinx/14.7/ISE_DS/PlanAhead/data\parts/xilinx/spartan6/spartan6lx/xc6slx16/csg324/Package.xml
Loading io standards from C:/Xilinx/14.7/ISE_DS/PlanAhead/data\./parts/xilinx/spartan6/IOStandards.xml
Loading device configuration modes from C:/Xilinx/14.7/ISE_DS/PlanAhead/data\parts/xilinx/spartan6/ConfigModes.xml
Loading list of drcs for the architecture : C:/Xilinx/14.7/ISE_DS/PlanAhead/data\./parts/xilinx/spartan6/drc.xml
Parsing UCF File [D:/DSDII/Lab6/IO_Bus.ucf]
Finished Parsing UCF File [D:/DSDII/Lab6/IO_Bus.ucf]
INFO: [Project 1-111] Unisim Transformation Summary:
  A total of 1 instances were transformed.
  BUFGP => BUFGP (IBUF, BUFG): 1 instances

Phase 0 | Netlist Checksum: 5ade24a9
link_design: Time (s): elapsed = 00:00:12 . Memory (MB): peak = 616.672 ; gain = 173.723
startgroup
set_property package_pin V8 [get_ports {addr_in[2]}]
endgroup
startgroup
set_property package_pin U8 [get_ports {addr_in[1]}]
endgroup
startgroup
set_property package_pin N8 [get_ports {addr_in[0]}]
endgroup
startgroup
set_property package_pin T5 [get_ports {bus_id[0]}]
endgroup
startgroup
set_property package_pin M8 [get_ports {data_in[3]}]
endgroup
set_property package_pin "" [get_ports [list  {data_in[1]}]]
startgroup
set_property package_pin V9 [get_ports {data_in[2]}]
endgroup
startgroup
set_property package_pin T9 [get_ports {data_in[1]}]
endgroup
startgroup
set_property package_pin T10 [get_ports {data_in[0]}]
endgroup
startgroup
set_property package_pin T11 [get_ports {addr_out[2]}]
endgroup
startgroup
set_property package_pin R11 [get_ports {addr_out[1]}]
endgroup
startgroup
set_property package_pin N11 [get_ports {addr_out[0]}]
endgroup
startgroup
set_property package_pin V15 [get_ports {data_out[3]}]
endgroup
startgroup
set_property package_pin U15 [get_ports {data_out[2]}]
endgroup
startgroup
set_property package_pin V16 [get_ports {data_out[1]}]
endgroup
startgroup
set_property package_pin U16 [get_ports {data_out[0]}]
endgroup
startgroup
set_property package_pin D9 [get_ports burst]
endgroup
startgroup
set_property package_pin T17 [get_ports CAn_out]
endgroup
set_property package_pin "" [get_ports [list  CBn_out]]
startgroup
set_property package_pin T17 [get_ports CAn_out]
endgroup
startgroup
set_property package_pin T18 [get_ports CBn_out]
endgroup
startgroup
set_property package_pin U17 [get_ports CCn_out]
endgroup
startgroup
set_property package_pin U18 [get_ports CDn_out]
endgroup
startgroup
set_property package_pin M14 [get_ports CEn_out]
endgroup
startgroup
set_property package_pin N14 [get_ports CFn_out]
endgroup
startgroup
set_property package_pin L14 [get_ports CGn_out]
endgroup
startgroup
set_property package_pin V10 [get_ports clk]
endgroup
startgroup
set_property package_pin B8 [get_ports ready]
endgroup
startgroup
set_property package_pin A8 [get_ports reset]
endgroup
startgroup
set_property package_pin C4 [get_ports rw]
endgroup
startgroup
set_property package_pin P17 [get_ports unused_anode]
endgroup
startgroup
set_property package_pin P18 [get_ports hund_anode_out]
endgroup
startgroup
set_property package_pin N15 [get_ports tens_anode_out]
endgroup
startgroup
set_property package_pin N16 [get_ports ones_anode_out]
endgroup
save_constraints
exit
ERROR: [PlanAhead 12-106] *** Exception: ui.h.b: Found deleted key in HTclEventBroker. Verify if the classes listed here call cleanup()
HTclEvent: DEBUG_CORE_CONFIG_CHANGE   Classes: ui.views.aR 
HTclEvent: SIGNAL_MODIFY   Classes: ui.views.aR 
HTclEvent: SIGNAL_BUS_MODIFY   Classes: ui.views.aR 
HTclEvent: DEBUG_PORT_CONFIG_CHANGE   Classes: ui.views.aR 
 (See D:/DSDII/Lab6\planAhead_pid4172.debug)
ERROR: [Common 17-39] 'stop_gui' failed due to earlier errors.
INFO: [Common 17-206] Exiting PlanAhead at Thu May 12 10:05:31 2016...
INFO: [Common 17-83] Releasing license: PlanAhead
