ISim log file
Running: D:\DSDII\Exercise03\Multiplier_8_isim_beh.exe -intstyle ise -gui -tclbatch isim.cmd -wdb D:/DSDII/Exercise03/Multiplier_8_isim_beh.wdb 
ISim P.20131013 (signature 0x7708f090)
----------------------------------------------------------------------
INFO:Security:51 - The XILINXD_LICENSE_FILE environment variable is not set.
INFO:Security:52 - The LM_LICENSE_FILE environment variable is set to '1700@klein.ce.rit.edu;1717@klein.ce.rit.edu;2100@klein.ce.rit.edu;1818@klein.ce.rit.edu;27000@klein.ce.rit.edu;27002@kgcoe-license.main.ad.rit.edu;5280@kgcoe-license.main.ad.rit.edu'.
WARNING:Security:43 - No license file was found in the standard Xilinx license directory.
WARNING:Security:44 - Since no license file was found,
       please run the Xilinx License Configuration Manager
       (xlcm or "Manage Xilinx Licenses")
       to assist in obtaining a license.
WARNING:Security:42 - Your software subscription period has lapsed. Your current version of Xilinx tools will continue to function, but you no longer qualify for Xilinx software updates or new releases.


----------------------------------------------------------------------
This is a Full version of ISim.
Time resolution is 1 ps
# onerror resume
# wave add /
# run 1600 ns
Simulator is doing circuit initialization process.
ERROR: In process Multiplier_8.vhd:113 
 Target Size 8 and source size 16 for array dimension 0 does not match. 

INFO: Simulator is stopped.
# run all
INFO: Simulator is stopped.
# restart
# run all
Simulator is doing circuit initialization process.
ERROR: In process Multiplier_8.vhd:113 
 Target Size 8 and source size 16 for array dimension 0 does not match. 

INFO: Simulator is stopped.
