Release 14.7 - xst P.20131013 (nt64)
Copyright (c) 1995-2013 Xilinx, Inc.  All rights reserved.
--> Parameter TMPDIR set to xst/projnav.tmp


Total REAL time to Xst completion: 1.00 secs
Total CPU time to Xst completion: 0.11 secs
 
--> Parameter xsthdpdir set to xst


Total REAL time to Xst completion: 1.00 secs
Total CPU time to Xst completion: 0.11 secs
 
--> Reading design: RegisterFile.prj

TABLE OF CONTENTS
  1) Synthesis Options Summary
  2) HDL Parsing
  3) HDL Elaboration
  4) HDL Synthesis
       4.1) HDL Synthesis Report
  5) Advanced HDL Synthesis
       5.1) Advanced HDL Synthesis Report
  6) Low Level Synthesis
  7) Partition Report
  8) Design Summary
       8.1) Primitive and Black Box Usage
       8.2) Device utilization summary
       8.3) Partition Resource Summary
       8.4) Timing Report
            8.4.1) Clock Information
            8.4.2) Asynchronous Control Signals Information
            8.4.3) Timing Summary
            8.4.4) Timing Details
            8.4.5) Cross Clock Domains Report


=========================================================================
*                      Synthesis Options Summary                        *
=========================================================================
---- Source Parameters
Input File Name                    : "RegisterFile.prj"
Ignore Synthesis Constraint File   : NO

---- Target Parameters
Output File Name                   : "RegisterFile"
Output Format                      : NGC
Target Device                      : xc6slx16-3-csg324

---- Source Options
Top Module Name                    : RegisterFile
Automatic FSM Extraction           : YES
FSM Encoding Algorithm             : Auto
Safe Implementation                : No
FSM Style                          : LUT
RAM Extraction                     : Yes
RAM Style                          : Auto
ROM Extraction                     : Yes
Shift Register Extraction          : YES
ROM Style                          : Auto
Resource Sharing                   : YES
Asynchronous To Synchronous        : NO
Shift Register Minimum Size        : 2
Use DSP Block                      : Auto
Automatic Register Balancing       : No

---- Target Options
LUT Combining                      : Auto
Reduce Control Sets                : Auto
Add IO Buffers                     : YES
Global Maximum Fanout              : 100000
Add Generic Clock Buffer(BUFG)     : 16
Register Duplication               : YES
Optimize Instantiated Primitives   : NO
Use Clock Enable                   : Auto
Use Synchronous Set                : Auto
Use Synchronous Reset              : Auto
Pack IO Registers into IOBs        : Auto
Equivalent register Removal        : YES

---- General Options
Optimization Goal                  : Speed
Optimization Effort                : 1
Power Reduction                    : NO
Keep Hierarchy                     : No
Netlist Hierarchy                  : As_Optimized
RTL Output                         : Yes
Global Optimization                : AllClockNets
Read Cores                         : YES
Write Timing Constraints           : NO
Cross Clock Analysis               : NO
Hierarchy Separator                : /
Bus Delimiter                      : <>
Case Specifier                     : Maintain
Slice Utilization Ratio            : 100
BRAM Utilization Ratio             : 100
DSP48 Utilization Ratio            : 100
Auto BRAM Packing                  : NO
Slice Utilization Ratio Delta      : 5

=========================================================================


=========================================================================
*                          HDL Parsing                                  *
=========================================================================
Parsing VHDL file "D:\DSDII\Lab2Fixed\RegisterModule.vhd" into library work
Parsing entity <RegisterModule>.
Parsing architecture <Behavioral> of entity <registermodule>.
Parsing VHDL file "D:\DSDII\Lab2Fixed\MUX8_1.vhd" into library work
Parsing entity <MUX8_1>.
Parsing architecture <Structural> of entity <mux8_1>.
Parsing VHDL file "D:\DSDII\Lab2Fixed\Decoder3to8.vhd" into library work
Parsing entity <Decoder3to8>.
Parsing architecture <dataflow> of entity <decoder3to8>.
Parsing VHDL file "D:\DSDII\Lab2Fixed\RegisterFile.vhd" into library work
Parsing entity <RegisterFile>.
Parsing architecture <Structural> of entity <registerfile>.

=========================================================================
*                            HDL Elaboration                            *
=========================================================================

Elaborating entity <RegisterFile> (architecture <Structural>) from library <work>.

Elaborating entity <Decoder3to8> (architecture <dataflow>) from library <work>.

Elaborating entity <MUX8_1> (architecture <Structural>) with generics from library <work>.

Elaborating entity <RegisterModule> (architecture <Behavioral>) with generics from library <work>.

=========================================================================
*                           HDL Synthesis                               *
=========================================================================

Synthesizing Unit <RegisterFile>.
    Related source file is "D:\DSDII\Lab2Fixed\RegisterFile.vhd".
    Summary:
	no macro.
Unit <RegisterFile> synthesized.

Synthesizing Unit <Decoder3to8>.
    Related source file is "D:\DSDII\Lab2Fixed\Decoder3to8.vhd".
    Found 16x8-bit Read Only RAM for signal <DATAOUT>
    Summary:
	inferred   1 RAM(s).
Unit <Decoder3to8> synthesized.

Synthesizing Unit <MUX8_1>.
    Related source file is "D:\DSDII\Lab2Fixed\MUX8_1.vhd".
        N = 16
    Found 16-bit 8-to-1 multiplexer for signal <DATAOUT> created at line 27.
    Summary:
	inferred   1 Multiplexer(s).
Unit <MUX8_1> synthesized.

Synthesizing Unit <RegisterModule>.
    Related source file is "D:\DSDII\Lab2Fixed\RegisterModule.vhd".
        N = 16
        R = 0
    Found 16-bit register for signal <DATAOUT>.
    Summary:
	inferred  16 D-type flip-flop(s).
Unit <RegisterModule> synthesized.

=========================================================================
HDL Synthesis Report

Macro Statistics
# RAMs                                                 : 1
 16x8-bit single-port Read Only RAM                    : 1
# Registers                                            : 8
 16-bit register                                       : 8
# Multiplexers                                         : 2
 16-bit 8-to-1 multiplexer                             : 2

=========================================================================

=========================================================================
*                       Advanced HDL Synthesis                          *
=========================================================================


Synthesizing (advanced) Unit <Decoder3to8>.
INFO:Xst:3218 - HDL ADVISOR - The RAM <Mram_DATAOUT> will be implemented on LUTs either because you have described an asynchronous read or because of currently unsupported block RAM features. If you have described an asynchronous read, making it synchronous would allow you to take advantage of available block RAM resources, for optimized device usage and improved timings. Please refer to your documentation for coding guidelines.
    -----------------------------------------------------------------------
    | ram_type           | Distributed                         |          |
    -----------------------------------------------------------------------
    | Port A                                                              |
    |     aspect ratio   | 16-word x 8-bit                     |          |
    |     weA            | connected to signal <GND>           | high     |
    |     addrA          | connected to signal <(WE,WR)>       |          |
    |     diA            | connected to signal <GND>           |          |
    |     doA            | connected to signal <DATAOUT>       |          |
    -----------------------------------------------------------------------
Unit <Decoder3to8> synthesized (advanced).

=========================================================================
Advanced HDL Synthesis Report

Macro Statistics
# RAMs                                                 : 1
 16x8-bit single-port distributed Read Only RAM        : 1
# Registers                                            : 128
 Flip-Flops                                            : 128
# Multiplexers                                         : 2
 16-bit 8-to-1 multiplexer                             : 2

=========================================================================

=========================================================================
*                         Low Level Synthesis                           *
=========================================================================

Optimizing unit <RegisterFile> ...

Mapping all equations...
Building and optimizing final netlist ...
Found area constraint ratio of 100 (+ 5) on block RegisterFile, actual ratio is 2.

Final Macro Processing ...

=========================================================================
Final Register Report

Macro Statistics
# Registers                                            : 128
 Flip-Flops                                            : 128

=========================================================================

=========================================================================
*                           Partition Report                            *
=========================================================================

Partition Implementation Status
-------------------------------

  No Partitions were found in this design.

-------------------------------

=========================================================================
*                            Design Summary                             *
=========================================================================

Top Level Output File Name         : RegisterFile.ngc

Primitive and Black Box Usage:
------------------------------
# BELS                             : 105
#      INV                         : 1
#      LUT4                        : 8
#      LUT6                        : 64
#      MUXF7                       : 32
# FlipFlops/Latches                : 128
#      FDRE                        : 128
# Clock Buffers                    : 1
#      BUFGP                       : 1
# IO Buffers                       : 59
#      IBUF                        : 27
#      OBUF                        : 32

Device utilization summary:
---------------------------

Selected Device : 6slx16csg324-3 


Slice Logic Utilization: 
 Number of Slice Registers:             128  out of  18224     0%  
 Number of Slice LUTs:                   73  out of   9112     0%  
    Number used as Logic:                73  out of   9112     0%  

Slice Logic Distribution: 
 Number of LUT Flip Flop pairs used:    165
   Number with an unused Flip Flop:      37  out of    165    22%  
   Number with an unused LUT:            92  out of    165    55%  
   Number of fully used LUT-FF pairs:    36  out of    165    21%  
   Number of unique control sets:         8

IO Utilization: 
 Number of IOs:                          60
 Number of bonded IOBs:                  60  out of    232    25%  

Specific Feature Utilization:
 Number of BUFG/BUFGCTRLs:                1  out of     16     6%  

---------------------------
Partition Resource Summary:
---------------------------

  No Partitions were found in this design.

---------------------------


=========================================================================
Timing Report

NOTE: THESE TIMING NUMBERS ARE ONLY A SYNTHESIS ESTIMATE.
      FOR ACCURATE TIMING INFORMATION PLEASE REFER TO THE TRACE REPORT
      GENERATED AFTER PLACE-and-ROUTE.

Clock Information:
------------------
-----------------------------------+------------------------+-------+
Clock Signal                       | Clock buffer(FF name)  | Load  |
-----------------------------------+------------------------+-------+
CLOCK                              | BUFGP                  | 128   |
-----------------------------------+------------------------+-------+

Asynchronous Control Signals Information:
----------------------------------------
No asynchronous control signals found in this design

Timing Summary:
---------------
Speed Grade: -3

   Minimum period: No path found
   Minimum input arrival time before clock: 4.387ns
   Maximum output required time after clock: 4.804ns
   Maximum combinational path delay: 6.371ns

Timing Details:
---------------
All values displayed in nanoseconds (ns)

=========================================================================
Timing constraint: Default OFFSET IN BEFORE for Clock 'CLOCK'
  Total number of paths / destination ports: 768 / 384
-------------------------------------------------------------------------
Offset:              4.387ns (Levels of Logic = 2)
  Source:            RESET (PAD)
  Destination:       RM8/DATAOUT_15 (FF)
  Destination Clock: CLOCK rising

  Data Path: RESET to RM8/DATAOUT_15
                                Gate     Net
    Cell:in->out      fanout   Delay   Delay  Logical Name (Net Name)
    ----------------------------------------  ------------
     IBUF:I->O             1   1.222   0.579  RESET_IBUF (RESET_IBUF)
     INV:I->O            128   0.206   1.950  RM1/RESET_inv1_INV_0 (RM1/RESET_inv)
     FDRE:R                    0.430          RM1/DATAOUT_0
    ----------------------------------------
    Total                      4.387ns (1.858ns logic, 2.529ns route)
                                       (42.4% logic, 57.6% route)

=========================================================================
Timing constraint: Default OFFSET OUT AFTER for Clock 'CLOCK'
  Total number of paths / destination ports: 256 / 32
-------------------------------------------------------------------------
Offset:              4.804ns (Levels of Logic = 3)
  Source:            RM7/DATAOUT_15 (FF)
  Destination:       OUT1<15> (PAD)
  Source Clock:      CLOCK rising

  Data Path: RM7/DATAOUT_15 to OUT1<15>
                                Gate     Net
    Cell:in->out      fanout   Delay   Delay  Logical Name (Net Name)
    ----------------------------------------  ------------
     FDRE:C->Q             2   0.447   0.864  RM7/DATAOUT_15 (RM7/DATAOUT_15)
     LUT6:I2->O            1   0.203   0.000  MUX2/Mmux_DATAOUT_36 (MUX2/Mmux_DATAOUT_36)
     MUXF7:I1->O           1   0.140   0.579  MUX2/Mmux_DATAOUT_2_f7_5 (OUT2_15_OBUF)
     OBUF:I->O                 2.571          OUT2_15_OBUF (OUT2<15>)
    ----------------------------------------
    Total                      4.804ns (3.361ns logic, 1.443ns route)
                                       (70.0% logic, 30.0% route)

=========================================================================
Timing constraint: Default path analysis
  Total number of paths / destination ports: 160 / 32
-------------------------------------------------------------------------
Delay:               6.371ns (Levels of Logic = 4)
  Source:            RD1<1> (PAD)
  Destination:       OUT1<15> (PAD)

  Data Path: RD1<1> to OUT1<15>
                                Gate     Net
    Cell:in->out      fanout   Delay   Delay  Logical Name (Net Name)
    ----------------------------------------  ------------
     IBUF:I->O            32   1.222   1.656  RD1_1_IBUF (RD1_1_IBUF)
     LUT6:I0->O            1   0.203   0.000  MUX1/Mmux_DATAOUT_3 (MUX1/Mmux_DATAOUT_3)
     MUXF7:I1->O           1   0.140   0.579  MUX1/Mmux_DATAOUT_2_f7 (OUT1_0_OBUF)
     OBUF:I->O                 2.571          OUT1_0_OBUF (OUT1<0>)
    ----------------------------------------
    Total                      6.371ns (4.136ns logic, 2.235ns route)
                                       (64.9% logic, 35.1% route)

=========================================================================

Cross Clock Domains Report:
--------------------------

=========================================================================


Total REAL time to Xst completion: 8.00 secs
Total CPU time to Xst completion: 7.82 secs
 
--> 

Total memory usage is 260396 kilobytes

Number of errors   :    0 (   0 filtered)
Number of warnings :    0 (   0 filtered)
Number of infos    :    1 (   0 filtered)

