--------------------------------------------------------------------------------
Release 14.7 Trace  (nt64)
Copyright (c) 1995-2013 Xilinx, Inc.  All rights reserved.

C:\Xilinx\14.7\ISE_DS\ISE\bin\nt64\unwrapped\trce.exe -intstyle ise -v 3 -s 3
-n 3 -fastpaths -xml comparator_top.twx comparator_top.ncd -o
comparator_top.twr comparator_top.pcf -ucf comparator_top.ucf

Design file:              comparator_top.ncd
Physical constraint file: comparator_top.pcf
Device,package,speed:     xc6slx16,csg324,C,-3 (PRODUCTION 1.23 2013-10-13)
Report level:             verbose report

Environment Variable      Effect 
--------------------      ------ 
NONE                      No environment variables were set
--------------------------------------------------------------------------------

INFO:Timing:2698 - No timing constraints found, doing default enumeration.
INFO:Timing:3412 - To improve timing, see the Timing Closure User Guide (UG612).
INFO:Timing:2752 - To get complete path coverage, use the unconstrained paths 
   option. All paths that are not constrained will be reported in the 
   unconstrained paths section(s) of the report.
INFO:Timing:3339 - The clock-to-out numbers in this timing report are based on 
   a 50 Ohm transmission line loading model.  For the details of this model, 
   and for more information on accounting for different loading conditions, 
   please see the device datasheet.



Data Sheet report:
-----------------
All values displayed in nanoseconds (ns)

Pad to Pad
---------------+---------------+---------+
Source Pad     |Destination Pad|  Delay  |
---------------+---------------+---------+
X_in<0>        |Z_out<0>       |    6.789|
X_in<0>        |Z_out<1>       |    6.832|
X_in<0>        |Z_out<2>       |    7.074|
X_in<0>        |Z_out<3>       |    7.074|
X_in<1>        |Z_out<0>       |    7.568|
X_in<1>        |Z_out<1>       |    7.611|
X_in<1>        |Z_out<2>       |    7.853|
X_in<1>        |Z_out<3>       |    7.853|
Y_in<0>        |Z_out<0>       |    6.861|
Y_in<0>        |Z_out<1>       |    6.904|
Y_in<0>        |Z_out<2>       |    7.146|
Y_in<0>        |Z_out<3>       |    7.146|
Y_in<1>        |Z_out<0>       |    6.706|
Y_in<1>        |Z_out<1>       |    6.749|
Y_in<1>        |Z_out<2>       |    6.991|
Y_in<1>        |Z_out<3>       |    6.991|
---------------+---------------+---------+


Analysis completed Wed Feb 17 17:27:09 2016 
--------------------------------------------------------------------------------

Trace Settings:
-------------------------
Trace Settings 

Peak Memory Usage: 217 MB



