#-----------------------------------------------------------
# PlanAhead v14.7 (64-bit)
# Build 321239 by xbuild on Fri Sep 27 19:29:51 MDT 2013
# Start of session at: Thu May 05 11:03:30 2016
# Process ID: 43924
# Log file: D:/DSDII/Lab5/planAhead_run_1/planAhead.log
# Journal file: D:/DSDII/Lab5/planAhead_run_1/planAhead.jou
#-----------------------------------------------------------
INFO: [Common 17-78] Attempting to get a license: PlanAhead
INFO: [Common 17-290] Got license for PlanAhead
INFO: [Device 21-36] Loading parts and site information from C:/Xilinx/14.7/ISE_DS/PlanAhead/data/parts/arch.xml
Parsing RTL primitives file [C:/Xilinx/14.7/ISE_DS/PlanAhead/data/parts/xilinx/rtl/prims/rtl_prims.xml]
Finished parsing RTL primitives file [C:/Xilinx/14.7/ISE_DS/PlanAhead/data/parts/xilinx/rtl/prims/rtl_prims.xml]
start_gui
INFO: [Common 17-81] Feature available: PartialReconfiguration
source D:/DSDII/Lab5/pa.fromNetlist.tcl
# create_project -name Lab5 -dir "D:/DSDII/Lab5/planAhead_run_1" -part xc6slx16csg324-3
# set_property design_mode GateLvl [get_property srcset [current_run -impl]]
# set_property edif_top_file "D:/DSDII/Lab5/MultiplierWrapper.ngc" [ get_property srcset [ current_run ] ]
# add_files -norecurse { {D:/DSDII/Lab5} {ipcore_dir} }
# add_files [list {ipcore_dir/Multiplier_4x4.ncf}] -fileset [get_property constrset [current_run]]
# set_property target_constrs_file "MultiplierWrapper.ucf" [current_fileset -constrset]
Adding file 'D:/DSDII/Lab5/MultiplierWrapper.ucf' to fileset 'constrs_1'
# add_files [list {MultiplierWrapper.ucf}] -fileset [get_property constrset [current_run]]
# link_design
Design is defaulting to srcset: sources_1
Design is defaulting to constrset: constrs_1
Design is defaulting to project part: xc6slx16csg324-3
Release 14.7 - ngc2edif P.20131013 (nt64)
Copyright (c) 1995-2013 Xilinx, Inc.  All rights reserved.
Reading design MultiplierWrapper.ngc ...
WARNING:NetListWriters:298 - No output is written to MultiplierWrapper.xncf,
   ignored.
Processing design ...
   Preping design's networks ...
   Preping design's macros ...
WARNING:NetListWriters:306 - Signal bus SevenSegDec/hund_disp_n[6 : 0] on block
   MultiplierWrapper is not reconstructed, because there are some missing bus
   signals.
  finished :Prep
Writing EDIF netlist file MultiplierWrapper.edif ...
ngc2edif: Total memory usage is 77840 kilobytes

Parsing EDIF File [./planAhead_run_1/Lab5.data/cache/MultiplierWrapper_ngc_zx.edif]
Finished Parsing EDIF File [./planAhead_run_1/Lab5.data/cache/MultiplierWrapper_ngc_zx.edif]
Release 14.7 - ngc2edif P.20131013 (nt64)
Copyright (c) 1995-2013 Xilinx, Inc.  All rights reserved.
Reading design Multiplier_4x4.ngc ...
WARNING:NetListWriters:298 - No output is written to Multiplier_4x4.xncf,
   ignored.
Processing design ...
   Preping design's networks ...
   Preping design's macros ...
  finished :Prep
Writing EDIF netlist file Multiplier_4x4.edif ...
ngc2edif: Total memory usage is 77648 kilobytes

Reading core file 'D:/DSDII/Lab5/ipcore_dir/Multiplier_4x4.ngc' for (cell view 'Multiplier_4x4', library 'MultiplierWrapper_lib', file 'MultiplierWrapper.ngc')
Parsing EDIF File [./planAhead_run_1/Lab5.data/cache/Multiplier_4x4_ngc_zx.edif]
Finished Parsing EDIF File [./planAhead_run_1/Lab5.data/cache/Multiplier_4x4_ngc_zx.edif]
INFO: [Netlist 29-17] Analyzing 1 Unisim elements for replacement
INFO: [Netlist 29-28] Unisim Transformation completed in 0 CPU seconds
Loading clock regions from C:/Xilinx/14.7/ISE_DS/PlanAhead/data\parts/xilinx/spartan6/spartan6lx/xc6slx16/ClockRegion.xml
Loading clock buffers from C:/Xilinx/14.7/ISE_DS/PlanAhead/data\parts/xilinx/spartan6/spartan6lx/xc6slx16/ClockBuffers.xml
Loading package pin functions from C:/Xilinx/14.7/ISE_DS/PlanAhead/data\parts/xilinx/spartan6/PinFunctions.xml...
Loading package from C:/Xilinx/14.7/ISE_DS/PlanAhead/data\parts/xilinx/spartan6/spartan6lx/xc6slx16/csg324/Package.xml
Loading io standards from C:/Xilinx/14.7/ISE_DS/PlanAhead/data\./parts/xilinx/spartan6/IOStandards.xml
Loading device configuration modes from C:/Xilinx/14.7/ISE_DS/PlanAhead/data\parts/xilinx/spartan6/ConfigModes.xml
Loading list of drcs for the architecture : C:/Xilinx/14.7/ISE_DS/PlanAhead/data\./parts/xilinx/spartan6/drc.xml
Parsing UCF File [D:/DSDII/Lab5/ipcore_dir/Multiplier_4x4.ncf]
Finished Parsing UCF File [D:/DSDII/Lab5/ipcore_dir/Multiplier_4x4.ncf]
Parsing UCF File [D:/DSDII/Lab5/MultiplierWrapper.ucf]
Finished Parsing UCF File [D:/DSDII/Lab5/MultiplierWrapper.ucf]
INFO: [Project 1-111] Unisim Transformation Summary:
  A total of 1 instances were transformed.
  BUFGP => BUFGP (IBUF, BUFG): 1 instances

Phase 0 | Netlist Checksum: ed72d2be
link_design: Time (s): elapsed = 00:00:10 . Memory (MB): peak = 617.133 ; gain = 168.621
set_property package_pin "" [get_ports [list  ones_anode]]
set_property is_loc_fixed false [get_ports [list  tens_anode]]
set_property package_pin "" [get_ports [list  tens_anode]]
startgroup
set_property package_pin N16 [get_ports ones_anode]
endgroup
startgroup
set_property package_pin N15 [get_ports tens_anode]
endgroup
startgroup
set_property package_pin U16 [get_ports {output[0]}]
endgroup
startgroup
set_property package_pin V16 [get_ports {output[1]}]
endgroup
startgroup
set_property package_pin U15 [get_ports {output[2]}]
endgroup
startgroup
set_property package_pin V15 [get_ports {output[3]}]
endgroup
startgroup
set_property package_pin M11 [get_ports {output[4]}]
endgroup
startgroup
set_property package_pin N11 [get_ports {output[5]}]
endgroup
startgroup
set_property package_pin R11 [get_ports {output[6]}]
endgroup
startgroup
set_property package_pin T11 [get_ports {output[7]}]
endgroup
save_constraints
exit
ERROR: [PlanAhead 12-106] *** Exception: ui.h.b: Found deleted key in HTclEventBroker. Verify if the classes listed here call cleanup()
HTclEvent: DEBUG_CORE_CONFIG_CHANGE   Classes: ui.views.aR 
HTclEvent: SIGNAL_BUS_MODIFY   Classes: ui.views.aR 
HTclEvent: DEBUG_PORT_CONFIG_CHANGE   Classes: ui.views.aR 
HTclEvent: SIGNAL_MODIFY   Classes: ui.views.aR 
 (See D:/DSDII/Lab5\planAhead_pid43924.debug)
ERROR: [Common 17-39] 'stop_gui' failed due to earlier errors.
INFO: [Common 17-206] Exiting PlanAhead at Thu May 05 11:07:38 2016...
INFO: [Common 17-83] Releasing license: PlanAhead
