Release 14.7 - xst P.20131013 (nt64)
Copyright (c) 1995-2013 Xilinx, Inc.  All rights reserved.
--> Parameter TMPDIR set to xst/projnav.tmp


Total REAL time to Xst completion: 0.00 secs
Total CPU time to Xst completion: 0.11 secs
 
--> Parameter xsthdpdir set to xst


Total REAL time to Xst completion: 0.00 secs
Total CPU time to Xst completion: 0.11 secs
 
--> Reading design: Usr_interaction.prj

TABLE OF CONTENTS
  1) Synthesis Options Summary
  2) HDL Parsing
  3) HDL Elaboration
  4) HDL Synthesis
       4.1) HDL Synthesis Report
  5) Advanced HDL Synthesis
       5.1) Advanced HDL Synthesis Report
  6) Low Level Synthesis
  7) Partition Report
  8) Design Summary
       8.1) Primitive and Black Box Usage
       8.2) Device utilization summary
       8.3) Partition Resource Summary
       8.4) Timing Report
            8.4.1) Clock Information
            8.4.2) Asynchronous Control Signals Information
            8.4.3) Timing Summary
            8.4.4) Timing Details
            8.4.5) Cross Clock Domains Report


=========================================================================
*                      Synthesis Options Summary                        *
=========================================================================
---- Source Parameters
Input File Name                    : "Usr_interaction.prj"
Ignore Synthesis Constraint File   : NO

---- Target Parameters
Output File Name                   : "Usr_interaction"
Output Format                      : NGC
Target Device                      : xc6slx16-3-csg324

---- Source Options
Top Module Name                    : Usr_interaction
Automatic FSM Extraction           : YES
FSM Encoding Algorithm             : Auto
Safe Implementation                : No
FSM Style                          : LUT
RAM Extraction                     : Yes
RAM Style                          : Auto
ROM Extraction                     : Yes
Shift Register Extraction          : YES
ROM Style                          : Auto
Resource Sharing                   : YES
Asynchronous To Synchronous        : NO
Shift Register Minimum Size        : 2
Use DSP Block                      : Auto
Automatic Register Balancing       : No

---- Target Options
LUT Combining                      : Auto
Reduce Control Sets                : Auto
Add IO Buffers                     : YES
Global Maximum Fanout              : 100000
Add Generic Clock Buffer(BUFG)     : 16
Register Duplication               : YES
Optimize Instantiated Primitives   : NO
Use Clock Enable                   : Auto
Use Synchronous Set                : Auto
Use Synchronous Reset              : Auto
Pack IO Registers into IOBs        : Auto
Equivalent register Removal        : YES

---- General Options
Optimization Goal                  : Speed
Optimization Effort                : 1
Power Reduction                    : NO
Keep Hierarchy                     : No
Netlist Hierarchy                  : As_Optimized
RTL Output                         : Yes
Global Optimization                : AllClockNets
Read Cores                         : YES
Write Timing Constraints           : NO
Cross Clock Analysis               : NO
Hierarchy Separator                : /
Bus Delimiter                      : <>
Case Specifier                     : Maintain
Slice Utilization Ratio            : 100
BRAM Utilization Ratio             : 100
DSP48 Utilization Ratio            : 100
Auto BRAM Packing                  : NO
Slice Utilization Ratio Delta      : 5

=========================================================================


=========================================================================
*                          HDL Parsing                                  *
=========================================================================
Parsing VHDL file "D:\DSDII\Lab4\seven_seg_dec.vhd" into library work
Parsing entity <seven_seg_dec>.
Parsing architecture <Behavioral> of entity <seven_seg_dec>.
Parsing VHDL file "D:\DSDII\Lab4\Coin_Controller.vhd" into library work
Parsing entity <Coin_Controller>.
Parsing architecture <Behavioral> of entity <coin_controller>.
Parsing VHDL file "D:\DSDII\Lab4\bin_bcd.vhd" into library work
Parsing package <bin_bcd>.
Parsing package body <bin_bcd>.
Parsing VHDL file "D:\DSDII\Lab4\vending_machine_controller.vhd" into library work
Parsing entity <vending_machine_controller>.
Parsing architecture <Behavioral> of entity <vending_machine_controller>.
Parsing VHDL file "D:\DSDII\Lab4\seven_seg_disp.vhd" into library work
Parsing entity <seven_seg_disp>.
Parsing architecture <Behavioral> of entity <seven_seg_disp>.
Parsing VHDL file "D:\DSDII\Lab4\coin_rx.vhd" into library work
Parsing entity <coin_rx>.
Parsing architecture <Behavioral> of entity <coin_rx>.
Parsing VHDL file "D:\DSDII\Lab4\Usr_interaction.vhd" into library work
Parsing entity <Usr_interaction>.
Parsing architecture <Behavioral> of entity <usr_interaction>.

=========================================================================
*                            HDL Elaboration                            *
=========================================================================

Elaborating entity <Usr_interaction> (architecture <Behavioral>) from library <work>.

Elaborating entity <vending_machine_controller> (architecture <Behavioral>) from library <work>.

Elaborating entity <Coin_Controller> (architecture <Behavioral>) from library <work>.

Elaborating entity <seven_seg_dec> (architecture <Behavioral>) from library <work>.

Elaborating entity <coin_rx> (architecture <Behavioral>) from library <work>.
INFO:HDLCompiler:679 - "D:\DSDII\Lab4\coin_rx.vhd" Line 163. Case statement is complete. others clause is never selected

Elaborating entity <seven_seg_disp> (architecture <Behavioral>) from library <work>.

=========================================================================
*                           HDL Synthesis                               *
=========================================================================

Synthesizing Unit <Usr_interaction>.
    Related source file is "D:\DSDII\Lab4\Usr_interaction.vhd".
    Summary:
	no macro.
Unit <Usr_interaction> synthesized.

Synthesizing Unit <vending_machine_controller>.
    Related source file is "D:\DSDII\Lab4\vending_machine_controller.vhd".
    Found 4-bit adder for signal <GND_8_o_GND_8_o_add_2_OUT> created at line 40.
    Found 4-bit adder for signal <bcd_wire_1[11]_GND_8_o_add_4_OUT> created at line 40.
    Found 4-bit adder for signal <bcd_wire_1[10]_GND_8_o_add_6_OUT> created at line 40.
    Found 4-bit adder for signal <bcd_wire_1[9]_GND_8_o_add_8_OUT> created at line 40.
    Found 4-bit adder for signal <GND_8_o_GND_8_o_add_10_OUT> created at line 43.
    Found 4-bit adder for signal <bcd_wire_1[8]_GND_8_o_add_12_OUT> created at line 40.
    Found 4-bit adder for signal <GND_8_o_GND_8_o_add_14_OUT> created at line 43.
    Found 4-bit adder for signal <bcd_wire_1[7]_GND_8_o_add_16_OUT> created at line 40.
    Found 4-bit adder for signal <bcd_wire_1[11]_GND_8_o_add_18_OUT> created at line 43.
    Found 4-bit adder for signal <bcd_wire_1[6]_GND_8_o_add_20_OUT> created at line 40.
    Found 4-bit adder for signal <bcd_wire_1[10]_GND_8_o_add_22_OUT> created at line 43.
    Found 4-bit adder for signal <n0124> created at line 46.
    Found 4-bit adder for signal <bcd_wire_1[5]_GND_8_o_add_26_OUT> created at line 40.
    Found 4-bit adder for signal <bcd_wire_1[9]_GND_8_o_add_28_OUT> created at line 43.
    Found 4-bit adder for signal <n0127> created at line 46.
    Found 4-bit adder for signal <bcd_wire_1[4]_GND_8_o_add_32_OUT> created at line 40.
    Found 4-bit adder for signal <bcd_wire_1[8]_GND_8_o_add_34_OUT> created at line 43.
    Found 4-bit adder for signal <n0130> created at line 46.
    Found 3-bit comparator greater for signal <PWR_8_o_bcd_wire_1[11]_LessThan_2_o> created at line 39
    Found 4-bit comparator greater for signal <GND_8_o_bcd_wire_1[11]_LessThan_4_o> created at line 39
    Found 4-bit comparator greater for signal <GND_8_o_bcd_wire_1[10]_LessThan_6_o> created at line 39
    Found 4-bit comparator greater for signal <GND_8_o_bcd_wire_1[9]_LessThan_8_o> created at line 39
    Found 3-bit comparator greater for signal <PWR_8_o_GND_8_o_LessThan_10_o> created at line 42
    Found 4-bit comparator greater for signal <GND_8_o_bcd_wire_1[8]_LessThan_12_o> created at line 39
    Found 4-bit comparator greater for signal <GND_8_o_GND_8_o_LessThan_14_o> created at line 42
    Found 4-bit comparator greater for signal <GND_8_o_bcd_wire_1[7]_LessThan_16_o> created at line 39
    Found 4-bit comparator greater for signal <GND_8_o_bcd_wire_1[11]_LessThan_18_o> created at line 42
    Found 4-bit comparator greater for signal <GND_8_o_bcd_wire_1[6]_LessThan_20_o> created at line 39
    Found 4-bit comparator greater for signal <GND_8_o_bcd_wire_1[10]_LessThan_22_o> created at line 42
    Found 3-bit comparator greater for signal <PWR_8_o_GND_8_o_LessThan_24_o> created at line 45
    Found 4-bit comparator greater for signal <GND_8_o_bcd_wire_1[5]_LessThan_26_o> created at line 39
    Found 4-bit comparator greater for signal <GND_8_o_bcd_wire_1[9]_LessThan_28_o> created at line 42
    Found 4-bit comparator greater for signal <GND_8_o_GND_8_o_LessThan_30_o> created at line 45
    Found 4-bit comparator greater for signal <GND_8_o_bcd_wire_1[4]_LessThan_32_o> created at line 39
    Found 4-bit comparator greater for signal <GND_8_o_bcd_wire_1[8]_LessThan_34_o> created at line 42
    Found 4-bit comparator greater for signal <GND_8_o_GND_8_o_LessThan_36_o> created at line 45
    Summary:
	inferred  18 Adder/Subtractor(s).
	inferred  18 Comparator(s).
	inferred  69 Multiplexer(s).
Unit <vending_machine_controller> synthesized.

Synthesizing Unit <Coin_Controller>.
    Related source file is "D:\DSDII\Lab4\Coin_Controller.vhd".
    Found 10-bit register for signal <CoinHolderAmountTemp>.
    Found 10-bit register for signal <soda_price_temp>.
    Found 10-bit register for signal <CoinHolderAmount>.
    Found 4-bit register for signal <Moore_State>.
    Found finite state machine <FSM_0> for signal <Moore_State>.
    -----------------------------------------------------------------------
    | States             | 11                                             |
    | Transitions        | 21                                             |
    | Inputs             | 5                                              |
    | Outputs            | 6                                              |
    | Clock              | clk (rising_edge)                              |
    | Reset              | Reset_n (negative)                             |
    | Reset type         | asynchronous                                   |
    | Reset State        | idle                                           |
    | Power Up State     | idle                                           |
    | Encoding           | auto                                           |
    | Implementation     | LUT                                            |
    -----------------------------------------------------------------------
    Found 10-bit adder for signal <CoinHolderAmountTemp[9]_GND_10_o_add_12_OUT> created at line 111.
    Found 10-bit adder for signal <CoinHolderAmountTemp[9]_GND_10_o_add_13_OUT> created at line 115.
    Found 10-bit adder for signal <CoinHolderAmountTemp[9]_GND_10_o_add_14_OUT> created at line 119.
    Found 10-bit subtractor for signal <CoinHolderAmountTemp[9]_soda_price_temp[9]_sub_9_OUT<9:0>> created at line 97.
    Found 16x10-bit Read Only RAM for signal <soda_price[3]_GND_10_o_wide_mux_0_OUT>
    Found 10-bit comparator greater for signal <n0006> created at line 83
    Summary:
	inferred   1 RAM(s).
	inferred   2 Adder/Subtractor(s).
	inferred  30 D-type flip-flop(s).
	inferred   1 Comparator(s).
	inferred   5 Multiplexer(s).
	inferred   1 Finite State Machine(s).
Unit <Coin_Controller> synthesized.

Synthesizing Unit <seven_seg_dec>.
    Related source file is "D:\DSDII\Lab4\seven_seg_dec.vhd".
    Found 7-bit register for signal <tens_disp_n>.
    Found 7-bit register for signal <ones_disp_n>.
    Found 7-bit register for signal <hund_disp_n>.
    Found 16x7-bit Read Only RAM for signal <bcd[11]_GND_11_o_wide_mux_0_OUT>
    Found 16x7-bit Read Only RAM for signal <bcd[7]_GND_11_o_wide_mux_1_OUT>
    Found 16x7-bit Read Only RAM for signal <bcd[3]_GND_11_o_wide_mux_2_OUT>
    Summary:
	inferred   3 RAM(s).
	inferred  21 D-type flip-flop(s).
Unit <seven_seg_dec> synthesized.

Synthesizing Unit <coin_rx>.
    Related source file is "D:\DSDII\Lab4\coin_rx.vhd".
    Found 1-bit register for signal <Q_received>.
    Found 1-bit register for signal <D_reg>.
    Found 1-bit register for signal <D_received>.
    Found 1-bit register for signal <N_reg>.
    Found 1-bit register for signal <N_received>.
    Found 3-bit register for signal <state>.
    Found 1-bit register for signal <Qp>.
    Found 1-bit register for signal <Dp>.
    Found 1-bit register for signal <Np>.
    Found 10-bit register for signal <coin_cntr>.
    Found 1-bit register for signal <Q_reg>.
    Found finite state machine <FSM_1> for signal <state>.
    -----------------------------------------------------------------------
    | States             | 7                                              |
    | Transitions        | 16                                             |
    | Inputs             | 4                                              |
    | Outputs            | 6                                              |
    | Clock              | Clk (rising_edge)                              |
    | Reset              | Reset_n_INV_19_o (positive)                    |
    | Reset type         | synchronous                                    |
    | Reset State        | idle                                           |
    | Power Up State     | idle                                           |
    | Encoding           | auto                                           |
    | Implementation     | LUT                                            |
    -----------------------------------------------------------------------
    Found 10-bit adder for signal <coin_cntr[9]_GND_12_o_add_18_OUT> created at line 181.
    Summary:
	inferred   1 Adder/Subtractor(s).
	inferred  19 D-type flip-flop(s).
	inferred   1 Multiplexer(s).
	inferred   1 Finite State Machine(s).
Unit <coin_rx> synthesized.

Synthesizing Unit <seven_seg_disp>.
    Related source file is "D:\DSDII\Lab4\seven_seg_disp.vhd".
    Found 1-bit register for signal <tens_anode>.
    Found 1-bit register for signal <hund_anode>.
    Found 1-bit register for signal <CAn>.
    Found 1-bit register for signal <CBn>.
    Found 1-bit register for signal <CCn>.
    Found 1-bit register for signal <CDn>.
    Found 1-bit register for signal <CEn>.
    Found 1-bit register for signal <CFn>.
    Found 1-bit register for signal <CGn>.
    Found 19-bit register for signal <counter>.
    Found 1-bit register for signal <ones_anode>.
    Found 19-bit adder for signal <counter[18]_GND_13_o_add_10_OUT> created at line 128.
    Found 4x3-bit Read Only RAM for signal <_n0047>
    Found 1-bit 4-to-1 multiplexer for signal <counter[18]_PWR_14_o_Mux_3_o> created at line 73.
    Found 1-bit 4-to-1 multiplexer for signal <counter[18]_PWR_14_o_Mux_4_o> created at line 73.
    Found 1-bit 4-to-1 multiplexer for signal <counter[18]_PWR_14_o_Mux_5_o> created at line 73.
    Found 1-bit 4-to-1 multiplexer for signal <counter[18]_PWR_14_o_Mux_6_o> created at line 73.
    Found 1-bit 4-to-1 multiplexer for signal <counter[18]_PWR_14_o_Mux_7_o> created at line 73.
    Found 1-bit 4-to-1 multiplexer for signal <counter[18]_PWR_14_o_Mux_8_o> created at line 73.
    Found 1-bit 4-to-1 multiplexer for signal <counter[18]_PWR_14_o_Mux_9_o> created at line 73.
    Summary:
	inferred   1 RAM(s).
	inferred   1 Adder/Subtractor(s).
	inferred  29 D-type flip-flop(s).
	inferred   7 Multiplexer(s).
Unit <seven_seg_disp> synthesized.

=========================================================================
HDL Synthesis Report

Macro Statistics
# RAMs                                                 : 5
 16x10-bit single-port Read Only RAM                   : 1
 16x7-bit single-port Read Only RAM                    : 3
 4x3-bit single-port Read Only RAM                     : 1
# Adders/Subtractors                                   : 22
 10-bit adder                                          : 2
 10-bit subtractor                                     : 1
 19-bit adder                                          : 1
 4-bit adder                                           : 18
# Registers                                            : 25
 1-bit register                                        : 16
 10-bit register                                       : 4
 19-bit register                                       : 1
 3-bit register                                        : 1
 7-bit register                                        : 3
# Comparators                                          : 19
 10-bit comparator greater                             : 1
 3-bit comparator greater                              : 3
 4-bit comparator greater                              : 15
# Multiplexers                                         : 82
 1-bit 2-to-1 multiplexer                              : 69
 1-bit 4-to-1 multiplexer                              : 7
 10-bit 2-to-1 multiplexer                             : 6
# FSMs                                                 : 2

=========================================================================
INFO:Xst:1767 - HDL ADVISOR - Resource sharing has identified that some arithmetic operations in this design can share the same physical resources for reduced device utilization. For improved clock frequency you may try to disable resource sharing.

=========================================================================
*                       Advanced HDL Synthesis                          *
=========================================================================


Synthesizing (advanced) Unit <Coin_Controller>.
INFO:Xst:3217 - HDL ADVISOR - Register <soda_price_temp> currently described with an asynchronous reset, could be combined with distributed RAM <Mram_soda_price[3]_GND_10_o_wide_mux_0_OUT> for implementation on block RAM resources if you made this reset synchronous instead.
    -----------------------------------------------------------------------
    | ram_type           | Distributed                         |          |
    -----------------------------------------------------------------------
    | Port A                                                              |
    |     aspect ratio   | 16-word x 10-bit                    |          |
    |     weA            | connected to signal <GND>           | high     |
    |     addrA          | connected to signal <soda_price>    |          |
    |     diA            | connected to signal <GND>           |          |
    |     doA            | connected to internal node          |          |
    -----------------------------------------------------------------------
Unit <Coin_Controller> synthesized (advanced).

Synthesizing (advanced) Unit <coin_rx>.
The following registers are absorbed into counter <coin_cntr>: 1 register on signal <coin_cntr>.
Unit <coin_rx> synthesized (advanced).

Synthesizing (advanced) Unit <seven_seg_dec>.
INFO:Xst:3231 - The small RAM <Mram_bcd[7]_GND_11_o_wide_mux_1_OUT> will be implemented on LUTs in order to maximize performance and save block RAM resources. If you want to force its implementation on block, use option/constraint ram_style.
    -----------------------------------------------------------------------
    | ram_type           | Distributed                         |          |
    -----------------------------------------------------------------------
    | Port A                                                              |
    |     aspect ratio   | 16-word x 7-bit                     |          |
    |     weA            | connected to signal <GND>           | high     |
    |     addrA          | connected to signal <bcd<7:4>>      |          |
    |     diA            | connected to signal <GND>           |          |
    |     doA            | connected to internal node          |          |
    -----------------------------------------------------------------------
INFO:Xst:3231 - The small RAM <Mram_bcd[11]_GND_11_o_wide_mux_0_OUT> will be implemented on LUTs in order to maximize performance and save block RAM resources. If you want to force its implementation on block, use option/constraint ram_style.
    -----------------------------------------------------------------------
    | ram_type           | Distributed                         |          |
    -----------------------------------------------------------------------
    | Port A                                                              |
    |     aspect ratio   | 16-word x 7-bit                     |          |
    |     weA            | connected to signal <GND>           | high     |
    |     addrA          | connected to signal <bcd<11:8>>     |          |
    |     diA            | connected to signal <GND>           |          |
    |     doA            | connected to internal node          |          |
    -----------------------------------------------------------------------
INFO:Xst:3231 - The small RAM <Mram_bcd[3]_GND_11_o_wide_mux_2_OUT> will be implemented on LUTs in order to maximize performance and save block RAM resources. If you want to force its implementation on block, use option/constraint ram_style.
    -----------------------------------------------------------------------
    | ram_type           | Distributed                         |          |
    -----------------------------------------------------------------------
    | Port A                                                              |
    |     aspect ratio   | 16-word x 7-bit                     |          |
    |     weA            | connected to signal <GND>           | high     |
    |     addrA          | connected to signal <bcd<3:0>>      |          |
    |     diA            | connected to signal <GND>           |          |
    |     doA            | connected to internal node          |          |
    -----------------------------------------------------------------------
Unit <seven_seg_dec> synthesized (advanced).

Synthesizing (advanced) Unit <seven_seg_disp>.
The following registers are absorbed into counter <counter>: 1 register on signal <counter>.
INFO:Xst:3231 - The small RAM <Mram__n0047> will be implemented on LUTs in order to maximize performance and save block RAM resources. If you want to force its implementation on block, use option/constraint ram_style.
    -----------------------------------------------------------------------
    | ram_type           | Distributed                         |          |
    -----------------------------------------------------------------------
    | Port A                                                              |
    |     aspect ratio   | 4-word x 3-bit                      |          |
    |     weA            | connected to signal <GND>           | high     |
    |     addrA          | connected to signal <counter>       |          |
    |     diA            | connected to signal <GND>           |          |
    |     doA            | connected to internal node          |          |
    -----------------------------------------------------------------------
Unit <seven_seg_disp> synthesized (advanced).

=========================================================================
Advanced HDL Synthesis Report

Macro Statistics
# RAMs                                                 : 5
 16x10-bit single-port distributed Read Only RAM       : 1
 16x7-bit single-port distributed Read Only RAM        : 3
 4x3-bit single-port distributed Read Only RAM         : 1
# Adders/Subtractors                                   : 20
 10-bit adder                                          : 1
 10-bit subtractor                                     : 1
 3-bit adder                                           : 3
 4-bit adder                                           : 15
# Counters                                             : 2
 10-bit up counter                                     : 1
 19-bit up counter                                     : 1
# Registers                                            : 70
 Flip-Flops                                            : 70
# Comparators                                          : 19
 10-bit comparator greater                             : 1
 3-bit comparator greater                              : 3
 4-bit comparator greater                              : 15
# Multiplexers                                         : 81
 1-bit 2-to-1 multiplexer                              : 69
 1-bit 4-to-1 multiplexer                              : 7
 10-bit 2-to-1 multiplexer                             : 5
# FSMs                                                 : 2

=========================================================================

=========================================================================
*                         Low Level Synthesis                           *
=========================================================================
Analyzing FSM <MFsm> for best encoding.
Optimizing FSM <instance0_vending_machine_controller/instance0_Coin_Controller/FSM_0> on signal <Moore_State[1:4]> with user encoding.
--------------------------
 State        | Encoding
--------------------------
 idle         | 0000
 add25        | 0001
 add10        | 0010
 add5         | 0011
 coinholder   | 0100
 nosoda       | 0101
 checkprice   | 0110
 dropsoda     | 0111
 hold         | 1000
 holddropsoda | 1001
 holdnosoda   | 1010
--------------------------
Analyzing FSM <MFsm> for best encoding.
Optimizing FSM <instance0_coin_rx/FSM_1> on signal <state[1:3]> with user encoding.
------------------------------
 State            | Encoding
------------------------------
 idle             | 000
 nickel_detected  | 001
 nickel_wait      | 010
 dime_detected    | 011
 dime_wait        | 100
 quarter_detected | 101
 quarter_wait     | 110
------------------------------
WARNING:Xst:1293 - FF/Latch <soda_price_temp_9> has a constant value of 0 in block <Coin_Controller>. This FF/Latch will be trimmed during the optimization process.

Optimizing unit <Usr_interaction> ...

Optimizing unit <vending_machine_controller> ...

Optimizing unit <Coin_Controller> ...

Optimizing unit <seven_seg_dec> ...

Optimizing unit <coin_rx> ...

Optimizing unit <seven_seg_disp> ...

Mapping all equations...
Building and optimizing final netlist ...
Found area constraint ratio of 100 (+ 5) on block Usr_interaction, actual ratio is 2.

Final Macro Processing ...

=========================================================================
Final Register Report

Macro Statistics
# Registers                                            : 105
 Flip-Flops                                            : 105

=========================================================================

=========================================================================
*                           Partition Report                            *
=========================================================================

Partition Implementation Status
-------------------------------

  No Partitions were found in this design.

-------------------------------

=========================================================================
*                            Design Summary                             *
=========================================================================

Top Level Output File Name         : Usr_interaction.ngc

Primitive and Black Box Usage:
------------------------------
# BELS                             : 283
#      GND                         : 1
#      INV                         : 3
#      LUT1                        : 18
#      LUT2                        : 15
#      LUT3                        : 36
#      LUT4                        : 31
#      LUT5                        : 22
#      LUT6                        : 53
#      MUXCY                       : 52
#      MUXF7                       : 2
#      VCC                         : 1
#      XORCY                       : 49
# FlipFlops/Latches                : 105
#      FD                          : 24
#      FDC                         : 4
#      FDCE                        : 29
#      FDR                         : 41
#      FDS                         : 7
# Clock Buffers                    : 1
#      BUFGP                       : 1
# IO Buffers                       : 25
#      IBUF                        : 9
#      OBUF                        : 16

Device utilization summary:
---------------------------

Selected Device : 6slx16csg324-3 


Slice Logic Utilization: 
 Number of Slice Registers:             105  out of  18224     0%  
 Number of Slice LUTs:                  178  out of   9112     1%  
    Number used as Logic:               178  out of   9112     1%  

Slice Logic Distribution: 
 Number of LUT Flip Flop pairs used:    184
   Number with an unused Flip Flop:      79  out of    184    42%  
   Number with an unused LUT:             6  out of    184     3%  
   Number of fully used LUT-FF pairs:    99  out of    184    53%  
   Number of unique control sets:         6

IO Utilization: 
 Number of IOs:                          26
 Number of bonded IOBs:                  26  out of    232    11%  

Specific Feature Utilization:
 Number of BUFG/BUFGCTRLs:                1  out of     16     6%  

---------------------------
Partition Resource Summary:
---------------------------

  No Partitions were found in this design.

---------------------------


=========================================================================
Timing Report

NOTE: THESE TIMING NUMBERS ARE ONLY A SYNTHESIS ESTIMATE.
      FOR ACCURATE TIMING INFORMATION PLEASE REFER TO THE TRACE REPORT
      GENERATED AFTER PLACE-and-ROUTE.

Clock Information:
------------------
-----------------------------------+------------------------+-------+
Clock Signal                       | Clock buffer(FF name)  | Load  |
-----------------------------------+------------------------+-------+
Clk_in                             | BUFGP                  | 105   |
-----------------------------------+------------------------+-------+

Asynchronous Control Signals Information:
----------------------------------------
No asynchronous control signals found in this design

Timing Summary:
---------------
Speed Grade: -3

   Minimum period: 6.027ns (Maximum Frequency: 165.910MHz)
   Minimum input arrival time before clock: 4.292ns
   Maximum output required time after clock: 5.097ns
   Maximum combinational path delay: 4.409ns

Timing Details:
---------------
All values displayed in nanoseconds (ns)

=========================================================================
Timing constraint: Default period analysis for Clock 'Clk_in'
  Clock period: 6.027ns (frequency: 165.910MHz)
  Total number of paths / destination ports: 6260 / 122
-------------------------------------------------------------------------
Delay:               6.027ns (Levels of Logic = 5)
  Source:            instance0_vending_machine_controller/instance0_Coin_Controller/CoinHolderAmount_5 (FF)
  Destination:       instance0_vending_machine_controller/instance0_seven_seg_dec/hund_disp_n_6 (FF)
  Source Clock:      Clk_in rising
  Destination Clock: Clk_in rising

  Data Path: instance0_vending_machine_controller/instance0_Coin_Controller/CoinHolderAmount_5 to instance0_vending_machine_controller/instance0_seven_seg_dec/hund_disp_n_6
                                Gate     Net
    Cell:in->out      fanout   Delay   Delay  Logical Name (Net Name)
    ----------------------------------------  ------------
     FDCE:C->Q            16   0.447   1.349  instance0_vending_machine_controller/instance0_Coin_Controller/CoinHolderAmount_5 (instance0_vending_machine_controller/instance0_Coin_Controller/CoinHolderAmount_5)
     LUT5:I0->O           10   0.203   0.857  instance0_vending_machine_controller/Mmux_bcd_wire_1[8]_bcd_wire_1[8]_MUX_28_o11 (instance0_vending_machine_controller/Madd_bcd_wire_1[11]_GND_8_o_add_18_OUT_cy<0>)
     LUT6:I5->O            5   0.205   0.715  instance0_vending_machine_controller/GND_8_o_bcd_wire_1[6]_LessThan_20_o (instance0_vending_machine_controller/GND_8_o_bcd_wire_1[6]_LessThan_20_o)
     LUT6:I5->O           11   0.205   0.883  instance0_vending_machine_controller/Mmux_bcd_wire_1[5]_bcd_wire_1[5]_MUX_56_o11 (instance0_vending_machine_controller/Madd_bcd_wire_1[8]_GND_8_o_add_34_OUT_cy<0>)
     LUT6:I5->O            3   0.205   0.651  instance0_vending_machine_controller/instance0_seven_seg_dec/Mram_bcd[11]_GND_11_o_wide_mux_0_OUT311_SW0 (N61)
     LUT6:I5->O            1   0.205   0.000  instance0_vending_machine_controller/instance0_seven_seg_dec/Mram_bcd[11]_GND_11_o_wide_mux_0_OUT311 (instance0_vending_machine_controller/instance0_seven_seg_dec/Mram_bcd[11]_GND_11_o_wide_mux_0_OUT3)
     FD:D                      0.102          instance0_vending_machine_controller/instance0_seven_seg_dec/hund_disp_n_3
    ----------------------------------------
    Total                      6.027ns (1.572ns logic, 4.455ns route)
                                       (26.1% logic, 73.9% route)

=========================================================================
Timing constraint: Default OFFSET IN BEFORE for Clock 'Clk_in'
  Total number of paths / destination ports: 134 / 110
-------------------------------------------------------------------------
Offset:              4.292ns (Levels of Logic = 2)
  Source:            Reset_n_in (PAD)
  Destination:       instance0_vending_machine_controller/instance0_Coin_Controller/Moore_State_FSM_FFd2 (FF)
  Destination Clock: Clk_in rising

  Data Path: Reset_n_in to instance0_vending_machine_controller/instance0_Coin_Controller/Moore_State_FSM_FFd2
                                Gate     Net
    Cell:in->out      fanout   Delay   Delay  Logical Name (Net Name)
    ----------------------------------------  ------------
     IBUF:I->O             4   1.222   0.683  Reset_n_in_IBUF (Reset_n_in_IBUF)
     INV:I->O             81   0.206   1.751  instance0_vending_machine_controller/instance0_Coin_Controller/Reset_n_inv1_INV_0 (instance0_coin_rx/Reset_n_inv)
     FDR:R                     0.430          instance0_coin_rx/N_reg
    ----------------------------------------
    Total                      4.292ns (1.858ns logic, 2.434ns route)
                                       (43.3% logic, 56.7% route)

=========================================================================
Timing constraint: Default OFFSET OUT AFTER for Clock 'Clk_in'
  Total number of paths / destination ports: 14 / 12
-------------------------------------------------------------------------
Offset:              5.097ns (Levels of Logic = 2)
  Source:            instance0_vending_machine_controller/instance0_Coin_Controller/Moore_State_FSM_FFd3 (FF)
  Destination:       Amt_err (PAD)
  Source Clock:      Clk_in rising

  Data Path: instance0_vending_machine_controller/instance0_Coin_Controller/Moore_State_FSM_FFd3 to Amt_err
                                Gate     Net
    Cell:in->out      fanout   Delay   Delay  Logical Name (Net Name)
    ----------------------------------------  ------------
     FDC:C->Q             25   0.447   1.297  instance0_vending_machine_controller/instance0_Coin_Controller/Moore_State_FSM_FFd3 (instance0_vending_machine_controller/instance0_Coin_Controller/Moore_State_FSM_FFd3)
     LUT2:I0->O            1   0.203   0.579  instance0_vending_machine_controller/instance0_Coin_Controller/Moore_State_amt_err1 (Amt_err_OBUF)
     OBUF:I->O                 2.571          Amt_err_OBUF (Amt_err)
    ----------------------------------------
    Total                      5.097ns (3.221ns logic, 1.876ns route)
                                       (63.2% logic, 36.8% route)

=========================================================================
Timing constraint: Default path analysis
  Total number of paths / destination ports: 3 / 3
-------------------------------------------------------------------------
Delay:               4.409ns (Levels of Logic = 2)
  Source:            Qrcd_in (PAD)
  Destination:       Qrcd_out (PAD)

  Data Path: Qrcd_in to Qrcd_out
                                Gate     Net
    Cell:in->out      fanout   Delay   Delay  Logical Name (Net Name)
    ----------------------------------------  ------------
     IBUF:I->O             2   1.222   0.616  Qrcd_in_IBUF (Qrcd_out_OBUF)
     OBUF:I->O                 2.571          Qrcd_out_OBUF (Qrcd_out)
    ----------------------------------------
    Total                      4.409ns (3.793ns logic, 0.616ns route)
                                       (86.0% logic, 14.0% route)

=========================================================================

Cross Clock Domains Report:
--------------------------

Clock to Setup on destination clock Clk_in
---------------+---------+---------+---------+---------+
               | Src:Rise| Src:Fall| Src:Rise| Src:Fall|
Source Clock   |Dest:Rise|Dest:Rise|Dest:Fall|Dest:Fall|
---------------+---------+---------+---------+---------+
Clk_in         |    6.027|         |         |         |
---------------+---------+---------+---------+---------+

=========================================================================


Total REAL time to Xst completion: 12.00 secs
Total CPU time to Xst completion: 11.79 secs
 
--> 

Total memory usage is 262908 kilobytes

Number of errors   :    0 (   0 filtered)
Number of warnings :    1 (   0 filtered)
Number of infos    :    6 (   0 filtered)

