--------------------------------------------------------------------------------
Release 14.7 Trace  (nt64)
Copyright (c) 1995-2013 Xilinx, Inc.  All rights reserved.

C:\Xilinx\14.7\ISE_DS\ISE\bin\nt64\unwrapped\trce.exe -intstyle ise -v 3 -s 3
-n 3 -fastpaths -xml Usr_interaction.twx Usr_interaction.ncd -o
Usr_interaction.twr Usr_interaction.pcf -ucf Usr_interaction.ucf

Design file:              Usr_interaction.ncd
Physical constraint file: Usr_interaction.pcf
Device,package,speed:     xc6slx16,csg324,C,-3 (PRODUCTION 1.23 2013-10-13)
Report level:             verbose report

Environment Variable      Effect 
--------------------      ------ 
NONE                      No environment variables were set
--------------------------------------------------------------------------------

INFO:Timing:2698 - No timing constraints found, doing default enumeration.
INFO:Timing:3412 - To improve timing, see the Timing Closure User Guide (UG612).
INFO:Timing:2752 - To get complete path coverage, use the unconstrained paths 
   option. All paths that are not constrained will be reported in the 
   unconstrained paths section(s) of the report.
INFO:Timing:3339 - The clock-to-out numbers in this timing report are based on 
   a 50 Ohm transmission line loading model.  For the details of this model, 
   and for more information on accounting for different loading conditions, 
   please see the device datasheet.



Data Sheet report:
-----------------
All values displayed in nanoseconds (ns)

Setup/Hold to clock Clk_in
----------------+------------+------------+------------+------------+------------------+--------+
                |Max Setup to|  Process   |Max Hold to |  Process   |                  | Clock  |
Source          | clk (edge) |   Corner   | clk (edge) |   Corner   |Internal Clock(s) | Phase  |
----------------+------------+------------+------------+------------+------------------+--------+
Drcd_in         |    2.938(R)|      SLOW  |   -1.881(R)|      FAST  |Clk_in_BUFGP      |   0.000|
Nrcd_in         |    3.608(R)|      SLOW  |   -2.361(R)|      FAST  |Clk_in_BUFGP      |   0.000|
Qrcd_in         |    1.899(R)|      SLOW  |   -1.181(R)|      FAST  |Clk_in_BUFGP      |   0.000|
Reset_n_in      |    5.273(R)|      SLOW  |   -0.899(R)|      FAST  |Clk_in_BUFGP      |   0.000|
Soda_price_in<0>|    1.481(R)|      SLOW  |   -0.616(R)|      SLOW  |Clk_in_BUFGP      |   0.000|
Soda_price_in<1>|    1.311(R)|      SLOW  |   -0.626(R)|      SLOW  |Clk_in_BUFGP      |   0.000|
Soda_price_in<2>|    1.423(R)|      SLOW  |   -0.531(R)|      SLOW  |Clk_in_BUFGP      |   0.000|
Soda_price_in<3>|    1.363(R)|      SLOW  |   -0.476(R)|      SLOW  |Clk_in_BUFGP      |   0.000|
Soda_req_in     |    4.347(R)|      SLOW  |   -1.518(R)|      FAST  |Clk_in_BUFGP      |   0.000|
----------------+------------+------------+------------+------------+------------------+--------+

Clock Clk_in to Pad
--------------+-----------------+------------+-----------------+------------+------------------+--------+
              |Max (slowest) clk|  Process   |Min (fastest) clk|  Process   |                  | Clock  |
Destination   |  (edge) to PAD  |   Corner   |  (edge) to PAD  |   Corner   |Internal Clock(s) | Phase  |
--------------+-----------------+------------+-----------------+------------+------------------+--------+
Amt_err       |         8.666(R)|      SLOW  |         4.628(R)|      FAST  |Clk_in_BUFGP      |   0.000|
CAn_out       |         7.187(R)|      SLOW  |         3.689(R)|      FAST  |Clk_in_BUFGP      |   0.000|
CBn_out       |         6.966(R)|      SLOW  |         3.566(R)|      FAST  |Clk_in_BUFGP      |   0.000|
CCn_out       |         6.942(R)|      SLOW  |         3.557(R)|      FAST  |Clk_in_BUFGP      |   0.000|
CDn_out       |         7.216(R)|      SLOW  |         3.699(R)|      FAST  |Clk_in_BUFGP      |   0.000|
CEn_out       |         7.110(R)|      SLOW  |         3.639(R)|      FAST  |Clk_in_BUFGP      |   0.000|
CFn_out       |         6.920(R)|      SLOW  |         3.535(R)|      FAST  |Clk_in_BUFGP      |   0.000|
CGn_out       |         7.133(R)|      SLOW  |         3.690(R)|      FAST  |Clk_in_BUFGP      |   0.000|
Drop_soda_out |         9.195(R)|      SLOW  |         4.683(R)|      FAST  |Clk_in_BUFGP      |   0.000|
hund_anode_out|         6.963(R)|      SLOW  |         3.561(R)|      FAST  |Clk_in_BUFGP      |   0.000|
ones_anode_out|         6.685(R)|      SLOW  |         3.392(R)|      FAST  |Clk_in_BUFGP      |   0.000|
tens_anode_out|         6.568(R)|      SLOW  |         3.327(R)|      FAST  |Clk_in_BUFGP      |   0.000|
--------------+-----------------+------------+-----------------+------------+------------------+--------+

Clock to Setup on destination clock Clk_in
---------------+---------+---------+---------+---------+
               | Src:Rise| Src:Fall| Src:Rise| Src:Fall|
Source Clock   |Dest:Rise|Dest:Rise|Dest:Fall|Dest:Fall|
---------------+---------+---------+---------+---------+
Clk_in         |    5.467|         |         |         |
---------------+---------+---------+---------+---------+

Pad to Pad
---------------+---------------+---------+
Source Pad     |Destination Pad|  Delay  |
---------------+---------------+---------+
Drcd_in        |Drcd_out       |    9.538|
Nrcd_in        |Nrcd_out       |    9.988|
Qrcd_in        |Qrcd_out       |   10.503|
---------------+---------------+---------+


Analysis completed Thu Apr 14 10:30:59 2016 
--------------------------------------------------------------------------------

Trace Settings:
-------------------------
Trace Settings 

Peak Memory Usage: 219 MB



