Release 14.7 - ngc2edif P.20131013 (nt64)
Copyright (c) 1995-2013 Xilinx, Inc.  All rights reserved.
Reading design MultiplierWrapper.ngc ...
WARNING:NetListWriters:298 - No output is written to MultiplierWrapper.xncf,
   ignored.
Processing design ...
   Preping design's networks ...
   Preping design's macros ...
WARNING:NetListWriters:306 - Signal bus SevenSegDec/hund_disp_n[6 : 0] on block
   MultiplierWrapper is not reconstructed, because there are some missing bus
   signals.
WARNING:NetListWriters:306 - Signal bus MISR1/Counter[10 : 0] on block
   MultiplierWrapper is not reconstructed, because there are some missing bus
   signals.
  finished :Prep
Writing EDIF netlist file MultiplierWrapper.edif ...
ngc2edif: Total memory usage is 77648 kilobytes

Release 14.7 - ngc2edif P.20131013 (nt64)
Copyright (c) 1995-2013 Xilinx, Inc.  All rights reserved.
Reading design Multiplier_4x4.ngc ...
WARNING:NetListWriters:298 - No output is written to Multiplier_4x4.xncf,
   ignored.
Processing design ...
   Preping design's networks ...
   Preping design's macros ...
  finished :Prep
Writing EDIF netlist file Multiplier_4x4.edif ...
ngc2edif: Total memory usage is 77328 kilobytes

Release 14.7 - ngc2edif P.20131013 (nt64)
Copyright (c) 1995-2013 Xilinx, Inc.  All rights reserved.
Reading design MultiplierWrapper.ngc ...
WARNING:NetListWriters:298 - No output is written to MultiplierWrapper.xncf,
   ignored.
Processing design ...
   Preping design's networks ...
   Preping design's macros ...
WARNING:NetListWriters:306 - Signal bus SevenSegDec/hund_disp_n[6 : 0] on block
   MultiplierWrapper is not reconstructed, because there are some missing bus
   signals.
WARNING:NetListWriters:306 - Signal bus MISR1/Counter[10 : 0] on block
   MultiplierWrapper is not reconstructed, because there are some missing bus
   signals.
  finished :Prep
Writing EDIF netlist file MultiplierWrapper.edif ...
ngc2edif: Total memory usage is 77328 kilobytes

Release 14.7 - ngc2edif P.20131013 (nt64)
Copyright (c) 1995-2013 Xilinx, Inc.  All rights reserved.
Reading design Multiplier_4x4.ngc ...
WARNING:NetListWriters:298 - No output is written to Multiplier_4x4.xncf,
   ignored.
Processing design ...
   Preping design's networks ...
   Preping design's macros ...
  finished :Prep
Writing EDIF netlist file Multiplier_4x4.edif ...
ngc2edif: Total memory usage is 77456 kilobytes

Release 14.7 - ngc2edif P.20131013 (nt64)
Copyright (c) 1995-2013 Xilinx, Inc.  All rights reserved.
Reading design MultiplierWrapper.ngc ...
WARNING:NetListWriters:298 - No output is written to MultiplierWrapper.xncf,
   ignored.
Processing design ...
   Preping design's networks ...
   Preping design's macros ...
WARNING:NetListWriters:306 - Signal bus SevenSegDec/hund_disp_n[6 : 0] on block
   MultiplierWrapper is not reconstructed, because there are some missing bus
   signals.
WARNING:NetListWriters:306 - Signal bus MISR1/Counter[10 : 0] on block
   MultiplierWrapper is not reconstructed, because there are some missing bus
   signals.
  finished :Prep
Writing EDIF netlist file MultiplierWrapper.edif ...
ngc2edif: Total memory usage is 77968 kilobytes

Release 14.7 - ngc2edif P.20131013 (nt64)
Copyright (c) 1995-2013 Xilinx, Inc.  All rights reserved.
Reading design Multiplier_4x4.ngc ...
WARNING:NetListWriters:298 - No output is written to Multiplier_4x4.xncf,
   ignored.
Processing design ...
   Preping design's networks ...
   Preping design's macros ...
  finished :Prep
Writing EDIF netlist file Multiplier_4x4.edif ...
ngc2edif: Total memory usage is 77328 kilobytes

Release 14.7 - ngc2edif P.20131013 (nt64)
Copyright (c) 1995-2013 Xilinx, Inc.  All rights reserved.
Reading design MultiplierWrapper.ngc ...
WARNING:NetListWriters:298 - No output is written to MultiplierWrapper.xncf,
   ignored.
Processing design ...
   Preping design's networks ...
   Preping design's macros ...
WARNING:NetListWriters:306 - Signal bus SevenSegDec/hund_disp_n[6 : 0] on block
   MultiplierWrapper is not reconstructed, because there are some missing bus
   signals.
WARNING:NetListWriters:306 - Signal bus MISR1/Counter[10 : 0] on block
   MultiplierWrapper is not reconstructed, because there are some missing bus
   signals.
  finished :Prep
Writing EDIF netlist file MultiplierWrapper.edif ...
ngc2edif: Total memory usage is 77904 kilobytes

Release 14.7 - ngc2edif P.20131013 (nt64)
Copyright (c) 1995-2013 Xilinx, Inc.  All rights reserved.
Reading design Multiplier_4x4.ngc ...
WARNING:NetListWriters:298 - No output is written to Multiplier_4x4.xncf,
   ignored.
Processing design ...
   Preping design's networks ...
   Preping design's macros ...
  finished :Prep
Writing EDIF netlist file Multiplier_4x4.edif ...
ngc2edif: Total memory usage is 77328 kilobytes

Release 14.7 - ngc2edif P.20131013 (nt64)
Copyright (c) 1995-2013 Xilinx, Inc.  All rights reserved.
Reading design MultiplierWrapper.ngc ...
WARNING:NetListWriters:298 - No output is written to MultiplierWrapper.xncf,
   ignored.
Processing design ...
   Preping design's networks ...
   Preping design's macros ...
WARNING:NetListWriters:306 - Signal bus SevenSegDec/hund_disp_n[6 : 0] on block
   MultiplierWrapper is not reconstructed, because there are some missing bus
   signals.
WARNING:NetListWriters:306 - Signal bus MISR1/Counter[10 : 0] on block
   MultiplierWrapper is not reconstructed, because there are some missing bus
   signals.
  finished :Prep
Writing EDIF netlist file MultiplierWrapper.edif ...
ngc2edif: Total memory usage is 77520 kilobytes

Release 14.7 - ngc2edif P.20131013 (nt64)
Copyright (c) 1995-2013 Xilinx, Inc.  All rights reserved.
Reading design Multiplier_4x4.ngc ...
WARNING:NetListWriters:298 - No output is written to Multiplier_4x4.xncf,
   ignored.
Processing design ...
   Preping design's networks ...
   Preping design's macros ...
  finished :Prep
Writing EDIF netlist file Multiplier_4x4.edif ...
ngc2edif: Total memory usage is 77328 kilobytes

Release 14.7 - ngc2edif P.20131013 (nt64)
Copyright (c) 1995-2013 Xilinx, Inc.  All rights reserved.
Reading design MultiplierWrapper.ngc ...
WARNING:NetListWriters:298 - No output is written to MultiplierWrapper.xncf,
   ignored.
Processing design ...
   Preping design's networks ...
   Preping design's macros ...
WARNING:NetListWriters:306 - Signal bus SevenSegDec/hund_disp_n[6 : 0] on block
   MultiplierWrapper is not reconstructed, because there are some missing bus
   signals.
  finished :Prep
Writing EDIF netlist file MultiplierWrapper.edif ...
ngc2edif: Total memory usage is 77840 kilobytes

Release 14.7 - ngc2edif P.20131013 (nt64)
Copyright (c) 1995-2013 Xilinx, Inc.  All rights reserved.
Reading design Multiplier_4x4.ngc ...
WARNING:NetListWriters:298 - No output is written to Multiplier_4x4.xncf,
   ignored.
Processing design ...
   Preping design's networks ...
   Preping design's macros ...
  finished :Prep
Writing EDIF netlist file Multiplier_4x4.edif ...
ngc2edif: Total memory usage is 77648 kilobytes

