Release 14.7 - xst P.20131013 (nt64)
Copyright (c) 1995-2013 Xilinx, Inc.  All rights reserved.
--> Parameter TMPDIR set to xst/projnav.tmp


Total REAL time to Xst completion: 0.00 secs
Total CPU time to Xst completion: 0.12 secs
 
--> Parameter xsthdpdir set to xst


Total REAL time to Xst completion: 0.00 secs
Total CPU time to Xst completion: 0.12 secs
 
--> Reading design: Multiplier_8.prj

TABLE OF CONTENTS
  1) Synthesis Options Summary
  2) HDL Parsing
  3) HDL Elaboration
  4) HDL Synthesis
       4.1) HDL Synthesis Report
  5) Advanced HDL Synthesis
       5.1) Advanced HDL Synthesis Report
  6) Low Level Synthesis
  7) Partition Report
  8) Design Summary
       8.1) Primitive and Black Box Usage
       8.2) Device utilization summary
       8.3) Partition Resource Summary
       8.4) Timing Report
            8.4.1) Clock Information
            8.4.2) Asynchronous Control Signals Information
            8.4.3) Timing Summary
            8.4.4) Timing Details
            8.4.5) Cross Clock Domains Report


=========================================================================
*                      Synthesis Options Summary                        *
=========================================================================
---- Source Parameters
Input File Name                    : "Multiplier_8.prj"
Ignore Synthesis Constraint File   : NO

---- Target Parameters
Output File Name                   : "Multiplier_8"
Output Format                      : NGC
Target Device                      : xc6slx16-3-csg324

---- Source Options
Top Module Name                    : Multiplier_8
Automatic FSM Extraction           : YES
FSM Encoding Algorithm             : Auto
Safe Implementation                : No
FSM Style                          : LUT
RAM Extraction                     : Yes
RAM Style                          : Auto
ROM Extraction                     : Yes
Shift Register Extraction          : YES
ROM Style                          : Auto
Resource Sharing                   : YES
Asynchronous To Synchronous        : NO
Shift Register Minimum Size        : 2
Use DSP Block                      : Auto
Automatic Register Balancing       : No

---- Target Options
LUT Combining                      : Auto
Reduce Control Sets                : Auto
Add IO Buffers                     : YES
Global Maximum Fanout              : 100000
Add Generic Clock Buffer(BUFG)     : 16
Register Duplication               : YES
Optimize Instantiated Primitives   : NO
Use Clock Enable                   : Auto
Use Synchronous Set                : Auto
Use Synchronous Reset              : Auto
Pack IO Registers into IOBs        : Auto
Equivalent register Removal        : YES

---- General Options
Optimization Goal                  : Speed
Optimization Effort                : 1
Power Reduction                    : NO
Keep Hierarchy                     : No
Netlist Hierarchy                  : As_Optimized
RTL Output                         : Yes
Global Optimization                : AllClockNets
Read Cores                         : YES
Write Timing Constraints           : NO
Cross Clock Analysis               : NO
Hierarchy Separator                : /
Bus Delimiter                      : <>
Case Specifier                     : Maintain
Slice Utilization Ratio            : 100
BRAM Utilization Ratio             : 100
DSP48 Utilization Ratio            : 100
Auto BRAM Packing                  : NO
Slice Utilization Ratio Delta      : 5

=========================================================================


=========================================================================
*                          HDL Parsing                                  *
=========================================================================
Parsing VHDL file "D:\DSDII\Lab3\FullAdder.vhd" into library work
Parsing entity <FullAdder>.
Parsing architecture <dataflow> of entity <fulladder>.
Parsing VHDL file "D:\DSDII\Lab3\Multiplier_8.vhd" into library work
Parsing entity <Multiplier_8>.
Parsing architecture <Structural> of entity <multiplier_8>.

=========================================================================
*                            HDL Elaboration                            *
=========================================================================

Elaborating entity <Multiplier_8> (architecture <Structural>) from library <work>.

Elaborating entity <FullAdder> (architecture <dataflow>) from library <work>.
WARNING:HDLCompiler:634 - "D:\DSDII\Lab3\Multiplier_8.vhd" Line 26: Net <C5[7]> does not have a driver.
WARNING:HDLCompiler:634 - "D:\DSDII\Lab3\Multiplier_8.vhd" Line 36: Net <ZeroSignal> does not have a driver.

=========================================================================
*                           HDL Synthesis                               *
=========================================================================

Synthesizing Unit <Multiplier_8>.
    Related source file is "D:\DSDII\Lab3\Multiplier_8.vhd".
INFO:Xst:3210 - "D:\DSDII\Lab3\Multiplier_8.vhd" line 110: Output port <Co> of the instance <FALINE6[6].FA> is unconnected or connected to loadless signal.
INFO:Xst:3210 - "D:\DSDII\Lab3\Multiplier_8.vhd" line 112: Output port <Sum> of the instance <FAENDLINE6> is unconnected or connected to loadless signal.
WARNING:Xst:653 - Signal <C5<7>> is used but never assigned. This sourceless signal will be automatically connected to value GND.
WARNING:Xst:653 - Signal <ZeroSignal> is used but never assigned. This sourceless signal will be automatically connected to value GND.
    Summary:
	no macro.
Unit <Multiplier_8> synthesized.

Synthesizing Unit <FullAdder>.
    Related source file is "D:\DSDII\Lab3\FullAdder.vhd".
    Summary:
Unit <FullAdder> synthesized.

=========================================================================
HDL Synthesis Report

Macro Statistics
# Xors                                                 : 112
 1-bit xor2                                            : 112

=========================================================================

=========================================================================
*                       Advanced HDL Synthesis                          *
=========================================================================


=========================================================================
Advanced HDL Synthesis Report

Macro Statistics
# Xors                                                 : 112
 1-bit xor2                                            : 112

=========================================================================

=========================================================================
*                         Low Level Synthesis                           *
=========================================================================

Optimizing unit <Multiplier_8> ...

Mapping all equations...
Building and optimizing final netlist ...
Found area constraint ratio of 100 (+ 5) on block Multiplier_8, actual ratio is 1.

Final Macro Processing ...

=========================================================================
Final Register Report

Found no macro
=========================================================================

=========================================================================
*                           Partition Report                            *
=========================================================================

Partition Implementation Status
-------------------------------

  No Partitions were found in this design.

-------------------------------

=========================================================================
*                            Design Summary                             *
=========================================================================

Top Level Output File Name         : Multiplier_8.ngc

Primitive and Black Box Usage:
------------------------------
# BELS                             : 95
#      LUT2                        : 16
#      LUT4                        : 18
#      LUT5                        : 5
#      LUT6                        : 56
# IO Buffers                       : 32
#      IBUF                        : 16
#      OBUF                        : 16

Device utilization summary:
---------------------------

Selected Device : 6slx16csg324-3 


Slice Logic Utilization: 
 Number of Slice LUTs:                   95  out of   9112     1%  
    Number used as Logic:                95  out of   9112     1%  

Slice Logic Distribution: 
 Number of LUT Flip Flop pairs used:     95
   Number with an unused Flip Flop:      95  out of     95   100%  
   Number with an unused LUT:             0  out of     95     0%  
   Number of fully used LUT-FF pairs:     0  out of     95     0%  
   Number of unique control sets:         0

IO Utilization: 
 Number of IOs:                          32
 Number of bonded IOBs:                  32  out of    232    13%  

Specific Feature Utilization:

---------------------------
Partition Resource Summary:
---------------------------

  No Partitions were found in this design.

---------------------------


=========================================================================
Timing Report

NOTE: THESE TIMING NUMBERS ARE ONLY A SYNTHESIS ESTIMATE.
      FOR ACCURATE TIMING INFORMATION PLEASE REFER TO THE TRACE REPORT
      GENERATED AFTER PLACE-and-ROUTE.

Clock Information:
------------------
No clock signals found in this design

Asynchronous Control Signals Information:
----------------------------------------
No asynchronous control signals found in this design

Timing Summary:
---------------
Speed Grade: -3

   Minimum period: No path found
   Minimum input arrival time before clock: No path found
   Maximum output required time after clock: No path found
   Maximum combinational path delay: 17.062ns

Timing Details:
---------------
All values displayed in nanoseconds (ns)

=========================================================================
Timing constraint: Default path analysis
  Total number of paths / destination ports: 11499 / 16
-------------------------------------------------------------------------
Delay:               17.062ns (Levels of Logic = 13)
  Source:            DATAIN1<2> (PAD)
  Destination:       DATAOUT<13> (PAD)

  Data Path: DATAIN1<2> to DATAOUT<13>
                                Gate     Net
    Cell:in->out      fanout   Delay   Delay  Logical Name (Net Name)
    ----------------------------------------  ------------
     IBUF:I->O            20   1.222   1.437  DATAIN1_2_IBUF (DATAIN1_2_IBUF)
     LUT6:I1->O            2   0.203   0.981  FALINE0[6].FA/Mxor_Sum_xo<0>1 (OutOfFA<0><6>)
     LUT6:I0->O            2   0.203   0.981  FALINE1[5].FA/Mxor_Sum_xo<0>1 (OutOfFA<1><5>)
     LUT6:I0->O            2   0.203   0.981  FALINE2[4].FA/Mxor_Sum_xo<0>1 (OutOfFA<2><4>)
     LUT6:I0->O            2   0.203   0.981  FALINE3[3].FA/Mxor_Sum_xo<0>1 (OutOfFA<3><3>)
     LUT6:I0->O            4   0.203   0.788  FALINE4[2].FA/Mxor_Sum_xo<0>1 (OutOfFA<4><2>)
     LUT6:I4->O            2   0.203   0.981  FABEGINLINE6/X_Y_AND_65_o1 (C6<0>)
     LUT6:I0->O            2   0.203   0.981  FALINE6[1].FA/Co1 (C6<1>)
     LUT6:I0->O            3   0.203   0.898  FALINE6[2].FA/Co1 (C6<2>)
     LUT6:I2->O            2   0.203   0.864  FALINE6[4].FA/Co1 (C6<4>)
     LUT6:I2->O            1   0.203   0.580  FALINE6[6].FA/Mxor_Sum_xo<0>_SW0 (N6)
     LUT5:I4->O            1   0.205   0.579  FALINE6[6].FA/Mxor_Sum_xo<0> (DATAOUT_13_OBUF)
     OBUF:I->O                 2.571          DATAOUT_13_OBUF (DATAOUT<13>)
    ----------------------------------------
    Total                     17.062ns (6.028ns logic, 11.033ns route)
                                       (35.3% logic, 64.7% route)

=========================================================================

Cross Clock Domains Report:
--------------------------

=========================================================================


Total REAL time to Xst completion: 6.00 secs
Total CPU time to Xst completion: 5.83 secs
 
--> 

Total memory usage is 259132 kilobytes

Number of errors   :    0 (   0 filtered)
Number of warnings :    4 (   0 filtered)
Number of infos    :    2 (   0 filtered)

