Release 14.7 - ngc2edif P.20131013 (nt64)
Copyright (c) 1995-2013 Xilinx, Inc.  All rights reserved.
Reading design ALU.ngc ...
WARNING:NetListWriters:298 - No output is written to ALU.xncf, ignored.
Processing design ...
   Preping design's networks ...
   Preping design's macros ...
WARNING:NetListWriters:306 - Signal bus AdderSub16Bit_0/C<13 : 1> on block ALU
   is not reconstructed, because there are some missing bus signals.
WARNING:NetListWriters:306 - Signal bus Multiplier_8_0/C<7 : 0> on block ALU is
   not reconstructed, because there are some missing bus signals.
WARNING:NetListWriters:306 - Signal bus Multiplier_8_0/OutOfFA<7 : 2> on block
   ALU is not reconstructed, because there are some missing bus signals.
WARNING:NetListWriters:306 - Signal bus Multiplier_8_0/OutOfAND<7 : 0> on block
   ALU is not reconstructed, because there are some missing bus signals.
  finished :Prep
Writing EDIF netlist file ALU.edif ...
ngc2edif: Total memory usage is 78440 kilobytes

Release 14.7 - ngc2edif P.20131013 (nt64)
Copyright (c) 1995-2013 Xilinx, Inc.  All rights reserved.
Reading design ALU.ngc ...
WARNING:NetListWriters:298 - No output is written to ALU.xncf, ignored.
Processing design ...
   Preping design's networks ...
   Preping design's macros ...
WARNING:NetListWriters:306 - Signal bus AdderSub16Bit_0/C<13 : 1> on block ALU
   is not reconstructed, because there are some missing bus signals.
WARNING:NetListWriters:306 - Signal bus Multiplier_8_0/C<7 : 0> on block ALU is
   not reconstructed, because there are some missing bus signals.
WARNING:NetListWriters:306 - Signal bus Multiplier_8_0/OutOfFA<7 : 2> on block
   ALU is not reconstructed, because there are some missing bus signals.
WARNING:NetListWriters:306 - Signal bus Multiplier_8_0/OutOfAND<7 : 0> on block
   ALU is not reconstructed, because there are some missing bus signals.
  finished :Prep
Writing EDIF netlist file ALU.edif ...
ngc2edif: Total memory usage is 78824 kilobytes

