Release 14.7 - ngc2edif P.20131013 (nt64)
Copyright (c) 1995-2013 Xilinx, Inc.  All rights reserved.
Reading design IO_Bus.ngc ...
WARNING:NetListWriters:298 - No output is written to IO_Bus.xncf, ignored.
Processing design ...
   Preping design's networks ...
   Preping design's macros ...
WARNING:NetListWriters:306 - Signal bus
   SSDEC/bcd[3]_ones_disp_n[6]_wide_mux_3_OUT<6 : 0> on block IO_Bus is not
   reconstructed, because there are some missing bus signals.
  finished :Prep
Writing EDIF netlist file IO_Bus.edif ...
ngc2edif: Total memory usage is 78160 kilobytes

Release 14.7 - ngc2edif P.20131013 (nt64)
Copyright (c) 1995-2013 Xilinx, Inc.  All rights reserved.
Reading design IO_Bus.ngc ...
WARNING:NetListWriters:298 - No output is written to IO_Bus.xncf, ignored.
Processing design ...
   Preping design's networks ...
   Preping design's macros ...
WARNING:NetListWriters:306 - Signal bus
   SSDEC/bcd[3]_ones_disp_n[6]_wide_mux_3_OUT<6 : 0> on block IO_Bus is not
   reconstructed, because there are some missing bus signals.
  finished :Prep
Writing EDIF netlist file IO_Bus.edif ...
ngc2edif: Total memory usage is 78096 kilobytes

Release 14.7 - ngc2edif P.20131013 (nt64)
Copyright (c) 1995-2013 Xilinx, Inc.  All rights reserved.
Reading design IO_Bus.ngc ...
WARNING:NetListWriters:298 - No output is written to IO_Bus.xncf, ignored.
Processing design ...
   Preping design's networks ...
   Preping design's macros ...
WARNING:NetListWriters:306 - Signal bus
   SSDEC/bcd[3]_ones_disp_n[6]_wide_mux_3_OUT<6 : 0> on block IO_Bus is not
   reconstructed, because there are some missing bus signals.
  finished :Prep
Writing EDIF netlist file IO_Bus.edif ...
ngc2edif: Total memory usage is 78992 kilobytes

Release 14.7 - ngc2edif P.20131013 (nt64)
Copyright (c) 1995-2013 Xilinx, Inc.  All rights reserved.
Reading design IO_Bus.ngc ...
WARNING:NetListWriters:298 - No output is written to IO_Bus.xncf, ignored.
Processing design ...
   Preping design's networks ...
   Preping design's macros ...
WARNING:NetListWriters:306 - Signal bus
   SSDEC/bcd[3]_ones_disp_n[6]_wide_mux_3_OUT<6 : 0> on block IO_Bus is not
   reconstructed, because there are some missing bus signals.
  finished :Prep
Writing EDIF netlist file IO_Bus.edif ...
ngc2edif: Total memory usage is 78352 kilobytes

Release 14.7 - ngc2edif P.20131013 (nt64)
Copyright (c) 1995-2013 Xilinx, Inc.  All rights reserved.
Reading design IO_Bus.ngc ...
WARNING:NetListWriters:298 - No output is written to IO_Bus.xncf, ignored.
Processing design ...
   Preping design's networks ...
   Preping design's macros ...
WARNING:NetListWriters:306 - Signal bus
   SSDEC/bcd[3]_ones_disp_n[6]_wide_mux_3_OUT<6 : 0> on block IO_Bus is not
   reconstructed, because there are some missing bus signals.
  finished :Prep
Writing EDIF netlist file IO_Bus.edif ...
ngc2edif: Total memory usage is 78352 kilobytes

Release 14.7 - ngc2edif P.20131013 (nt64)
Copyright (c) 1995-2013 Xilinx, Inc.  All rights reserved.
Reading design IO_Bus.ngc ...
WARNING:NetListWriters:298 - No output is written to IO_Bus.xncf, ignored.
Processing design ...
   Preping design's networks ...
   Preping design's macros ...
WARNING:NetListWriters:306 - Signal bus
   SSDEC/bcd[3]_ones_disp_n[6]_wide_mux_3_OUT<6 : 0> on block IO_Bus is not
   reconstructed, because there are some missing bus signals.
  finished :Prep
Writing EDIF netlist file IO_Bus.edif ...
ngc2edif: Total memory usage is 78288 kilobytes

